TN:
SF:src/index.ts
FN:14,(anonymous_10)
FN:35,(anonymous_11)
FN:36,(anonymous_12)
FN:46,(anonymous_13)
FN:84,(anonymous_14)
FN:89,(anonymous_15)
FN:101,main
FN:107,(anonymous_17)
FNF:8
FNH:0
FNDA:0,(anonymous_10)
FNDA:0,(anonymous_11)
FNDA:0,(anonymous_12)
FNDA:0,(anonymous_13)
FNDA:0,(anonymous_14)
FNDA:0,(anonymous_15)
FNDA:0,main
FNDA:0,(anonymous_17)
DA:1,0
DA:2,0
DA:3,0
DA:4,0
DA:5,0
DA:6,0
DA:8,0
DA:15,0
DA:16,0
DA:18,0
DA:30,0
DA:31,0
DA:32,0
DA:36,0
DA:37,0
DA:39,0
DA:46,0
DA:47,0
DA:49,0
DA:51,0
DA:52,0
DA:54,0
DA:55,0
DA:66,0
DA:69,0
DA:71,0
DA:85,0
DA:86,0
DA:90,0
DA:91,0
DA:92,0
DA:93,0
DA:95,0
DA:96,0
DA:102,0
DA:103,0
DA:106,0
DA:107,0
DA:108,0
DA:109,0
LF:40
LH:0
BRDA:15,0,0,0
BRDA:15,0,1,0
BRDA:16,1,0,0
BRDA:16,1,1,0
BRDA:52,2,0,0
BRDA:52,2,1,0
BRDA:54,3,0,0
BRDA:54,3,1,0
BRDA:75,4,0,0
BRDA:75,4,1,0
BRDA:106,5,0,0
BRF:11
BRH:0
end_of_record
TN:
SF:src/ecosystem/mock-environment-state.ts
FN:38,(anonymous_0)
FN:42,(anonymous_1)
FN:63,(anonymous_2)
FN:67,(anonymous_3)
FN:81,(anonymous_4)
FN:85,(anonymous_5)
FN:102,(anonymous_6)
FN:116,(anonymous_7)
FN:130,(anonymous_8)
FN:143,(anonymous_9)
FN:146,(anonymous_10)
FN:148,(anonymous_11)
FN:169,(anonymous_12)
FN:199,(anonymous_13)
FN:208,(anonymous_14)
FN:225,(anonymous_15)
FN:231,(anonymous_16)
FN:252,(anonymous_17)
FN:276,(anonymous_18)
FN:314,(anonymous_19)
FN:319,(anonymous_20)
FN:333,(anonymous_21)
FN:363,(anonymous_22)
FN:367,(anonymous_23)
FN:371,(anonymous_24)
FN:377,(anonymous_25)
FN:380,(anonymous_26)
FN:386,(anonymous_27)
FN:389,(anonymous_28)
FN:395,(anonymous_29)
FN:398,(anonymous_30)
FNF:31
FNH:31
FNDA:59,(anonymous_0)
FNDA:56,(anonymous_1)
FNDA:56,(anonymous_2)
FNDA:551,(anonymous_3)
FNDA:56,(anonymous_4)
FNDA:747,(anonymous_5)
FNDA:57,(anonymous_6)
FNDA:71,(anonymous_7)
FNDA:56,(anonymous_8)
FNDA:56,(anonymous_9)
FNDA:280,(anonymous_10)
FNDA:146,(anonymous_11)
FNDA:15,(anonymous_12)
FNDA:13,(anonymous_13)
FNDA:180,(anonymous_14)
FNDA:6,(anonymous_15)
FNDA:25,(anonymous_16)
FNDA:3,(anonymous_17)
FNDA:5,(anonymous_18)
FNDA:5,(anonymous_19)
FNDA:24,(anonymous_20)
FNDA:9,(anonymous_21)
FNDA:67,(anonymous_22)
FNDA:62,(anonymous_23)
FNDA:3,(anonymous_24)
FNDA:18,(anonymous_25)
FNDA:3,(anonymous_26)
FNDA:26,(anonymous_27)
FNDA:1,(anonymous_28)
FNDA:6,(anonymous_29)
FNDA:20,(anonymous_30)
DA:2,2
DA:15,2
DA:24,2
DA:32,2
DA:33,59
DA:35,59
DA:36,59
DA:39,59
DA:43,56
DA:45,56
DA:57,56
DA:58,56
DA:60,56
DA:64,56
DA:65,56
DA:67,551
DA:82,56
DA:83,56
DA:85,56
DA:86,747
DA:87,747
DA:103,57
DA:104,57
DA:106,57
DA:117,71
DA:118,71
DA:120,71
DA:121,249
DA:122,249
DA:123,249
DA:124,249
DA:127,71
DA:131,56
DA:132,56
DA:134,56
DA:144,56
DA:145,56
DA:146,280
DA:148,146
DA:150,56
DA:159,56
DA:170,15
DA:171,15
DA:172,1
DA:175,14
DA:176,14
DA:177,14
DA:179,14
DA:188,14
DA:189,14
DA:191,14
DA:196,14
DA:200,13
DA:201,13
DA:202,0
DA:205,13
DA:206,13
DA:208,13
DA:209,180
DA:210,180
DA:212,180
DA:213,180
DA:214,180
DA:218,13
DA:220,13
DA:221,13
DA:226,6
DA:227,6
DA:228,0
DA:231,25
DA:232,6
DA:233,1
DA:236,5
DA:237,1
DA:240,4
DA:241,4
DA:242,4
DA:244,4
DA:249,4
DA:253,3
DA:254,3
DA:255,0
DA:258,3
DA:259,3
DA:260,3
DA:262,3
DA:263,3
DA:264,2
DA:267,3
DA:269,3
DA:285,5
DA:286,5
DA:287,0
DA:290,5
DA:303,5
DA:305,5
DA:311,5
DA:315,5
DA:317,5
DA:319,2
DA:320,24
DA:325,24
DA:326,5
DA:327,5
DA:330,2
DA:333,1
DA:334,9
DA:339,9
DA:340,7
DA:341,7
DA:344,1
DA:347,1
DA:348,1
DA:350,1
DA:353,1
DA:354,1
DA:355,1
DA:356,1
DA:360,5
DA:364,67
DA:368,62
DA:372,3
DA:373,3
DA:374,1
DA:377,18
DA:381,3
DA:382,3
DA:383,1
DA:386,26
DA:390,1
DA:391,1
DA:392,0
DA:395,6
DA:399,20
DA:400,20
DA:401,1
DA:404,19
DA:405,19
LF:138
LH:133
BRDA:171,0,0,1
BRDA:201,1,0,0
BRDA:212,2,0,180
BRDA:220,3,0,13
BRDA:227,4,0,0
BRDA:232,5,0,1
BRDA:236,6,0,1
BRDA:254,7,0,0
BRDA:263,8,0,2
BRDA:286,9,0,0
BRDA:317,10,0,2
BRDA:317,10,1,1
BRDA:317,10,2,1
BRDA:317,10,3,1
BRDA:325,11,0,5
BRDA:339,12,0,7
BRDA:347,13,0,1
BRDA:373,14,0,1
BRDA:382,15,0,1
BRDA:391,16,0,0
BRDA:400,17,0,1
BRF:21
BRH:16
end_of_record
TN:
SF:src/ecosystem/mock-monster-system.ts
FN:96,(anonymous_0)
FN:100,(anonymous_1)
FN:139,(anonymous_2)
FN:180,(anonymous_3)
FN:194,(anonymous_4)
FN:206,(anonymous_5)
FN:210,(anonymous_6)
FN:222,(anonymous_7)
FN:245,(anonymous_8)
FN:250,(anonymous_9)
FN:263,(anonymous_10)
FN:286,(anonymous_11)
FN:302,(anonymous_12)
FN:317,(anonymous_13)
FN:326,(anonymous_14)
FN:341,(anonymous_15)
FN:357,(anonymous_16)
FN:368,(anonymous_17)
FN:372,(anonymous_18)
FN:376,(anonymous_19)
FN:384,(anonymous_20)
FN:386,(anonymous_21)
FN:389,(anonymous_22)
FN:391,(anonymous_23)
FNF:24
FNH:24
FNDA:49,(anonymous_0)
FNDA:52,(anonymous_1)
FNDA:52,(anonymous_2)
FNDA:52,(anonymous_3)
FNDA:52,(anonymous_4)
FNDA:52,(anonymous_5)
FNDA:102,(anonymous_6)
FNDA:69,(anonymous_7)
FNDA:68,(anonymous_8)
FNDA:281,(anonymous_9)
FNDA:68,(anonymous_10)
FNDA:68,(anonymous_11)
FNDA:68,(anonymous_12)
FNDA:68,(anonymous_13)
FNDA:68,(anonymous_14)
FNDA:68,(anonymous_15)
FNDA:41,(anonymous_16)
FNDA:4,(anonymous_17)
FNDA:176,(anonymous_18)
FNDA:4,(anonymous_19)
FNDA:1,(anonymous_20)
FNDA:3,(anonymous_21)
FNDA:2,(anonymous_22)
FNDA:6,(anonymous_23)
DA:2,2
DA:16,2
DA:43,2
DA:91,2
DA:92,49
DA:94,49
DA:97,49
DA:106,52
DA:107,52
DA:109,52
DA:115,52
DA:116,52
DA:117,52
DA:119,52
DA:133,52
DA:134,52
DA:136,52
DA:140,52
DA:168,52
DA:169,52
DA:181,52
DA:182,52
DA:184,52
DA:195,52
DA:196,52
DA:198,52
DA:207,52
DA:208,52
DA:210,102
DA:223,69
DA:224,69
DA:225,1
DA:228,68
DA:229,68
DA:230,68
DA:231,68
DA:233,68
DA:241,68
DA:242,68
DA:246,68
DA:247,68
DA:249,68
DA:250,281
DA:252,68
DA:253,68
DA:254,139
DA:255,139
DA:256,68
DA:260,0
DA:267,68
DA:269,68
DA:270,7
DA:271,7
DA:274,68
DA:275,0
DA:278,68
DA:279,0
DA:280,0
DA:283,68
DA:287,68
DA:288,68
DA:290,68
DA:299,68
DA:303,68
DA:304,68
DA:306,68
DA:314,68
DA:318,68
DA:319,68
DA:321,68
DA:322,30
DA:323,13
DA:327,68
DA:328,68
DA:330,68
DA:331,68
DA:333,52
DA:334,52
DA:342,68
DA:351,68
DA:352,68
DA:354,68
DA:358,41
DA:359,41
DA:360,1
DA:363,40
DA:364,40
DA:365,40
DA:369,4
DA:373,176
DA:377,4
DA:378,4
DA:379,3
DA:381,4
DA:385,1
DA:386,3
DA:390,2
DA:391,6
LF:98
LH:94
BRDA:110,0,0,52
BRDA:110,0,1,52
BRDA:111,1,0,52
BRDA:111,1,1,52
BRDA:224,2,0,1
BRDA:255,3,0,68
BRDA:269,4,0,7
BRDA:270,5,0,7
BRDA:270,5,1,2
BRDA:271,6,0,7
BRDA:271,6,1,7
BRDA:274,7,0,0
BRDA:275,8,0,0
BRDA:275,8,1,0
BRDA:278,9,0,0
BRDA:279,10,0,0
BRDA:279,10,1,0
BRDA:280,11,0,0
BRDA:280,11,1,0
BRDA:291,12,0,53
BRDA:291,12,1,15
BRDA:292,13,0,9
BRDA:292,13,1,59
BRDA:293,14,0,40
BRDA:293,14,1,28
BRDA:294,15,0,12
BRDA:294,15,1,56
BRDA:296,16,0,53
BRDA:296,16,1,15
BRDA:299,17,0,68
BRDA:299,17,1,12
BRDA:304,18,0,68
BRDA:304,18,1,0
BRDA:321,19,0,38
BRDA:322,20,0,17
BRDA:331,21,0,16
BRDA:351,22,0,68
BRDA:351,22,1,12
BRDA:359,23,0,1
BRDA:378,24,0,3
BRF:40
BRH:31
end_of_record
TN:
SF:src/ecosystem/simulation-engine.ts
FN:49,(anonymous_0)
FN:78,(anonymous_1)
FN:92,(anonymous_2)
FN:102,(anonymous_3)
FN:123,(anonymous_4)
FN:133,(anonymous_5)
FN:143,(anonymous_6)
FN:151,(anonymous_7)
FN:155,(anonymous_8)
FN:167,(anonymous_9)
FN:206,(anonymous_10)
FN:210,(anonymous_11)
FN:226,(anonymous_12)
FN:259,(anonymous_13)
FN:271,(anonymous_14)
FN:281,(anonymous_15)
FN:294,(anonymous_16)
FN:305,(anonymous_17)
FN:318,(anonymous_18)
FN:332,(anonymous_19)
FN:333,(anonymous_20)
FN:339,(anonymous_21)
FN:351,(anonymous_22)
FN:365,(anonymous_23)
FN:366,(anonymous_24)
FN:376,(anonymous_25)
FN:380,(anonymous_26)
FN:389,(anonymous_27)
FN:393,(anonymous_28)
FN:401,(anonymous_29)
FN:405,(anonymous_30)
FN:413,(anonymous_31)
FN:422,(anonymous_32)
FN:426,(anonymous_33)
FN:431,(anonymous_34)
FN:434,(anonymous_35)
FN:441,(anonymous_36)
FN:445,(anonymous_37)
FN:450,(anonymous_38)
FN:460,(anonymous_39)
FN:474,(anonymous_40)
FN:478,(anonymous_41)
FN:482,(anonymous_42)
FN:487,(anonymous_43)
FN:491,(anonymous_44)
FN:495,(anonymous_45)
FN:499,(anonymous_46)
FNF:47
FNH:42
FNDA:28,(anonymous_0)
FNDA:22,(anonymous_1)
FNDA:143,(anonymous_2)
FNDA:22,(anonymous_3)
FNDA:1,(anonymous_4)
FNDA:1,(anonymous_5)
FNDA:1,(anonymous_6)
FNDA:21,(anonymous_7)
FNDA:12,(anonymous_8)
FNDA:143,(anonymous_9)
FNDA:142,(anonymous_10)
FNDA:85,(anonymous_11)
FNDA:24,(anonymous_12)
FNDA:14,(anonymous_13)
FNDA:24,(anonymous_14)
FNDA:24,(anonymous_15)
FNDA:14,(anonymous_16)
FNDA:14,(anonymous_17)
FNDA:24,(anonymous_18)
FNDA:3,(anonymous_19)
FNDA:54,(anonymous_20)
FNDA:0,(anonymous_21)
FNDA:1,(anonymous_22)
FNDA:0,(anonymous_23)
FNDA:0,(anonymous_24)
FNDA:142,(anonymous_25)
FNDA:17,(anonymous_26)
FNDA:142,(anonymous_27)
FNDA:12,(anonymous_28)
FNDA:142,(anonymous_29)
FNDA:11,(anonymous_30)
FNDA:0,(anonymous_31)
FNDA:48,(anonymous_32)
FNDA:24,(anonymous_33)
FNDA:402,(anonymous_34)
FNDA:290,(anonymous_35)
FNDA:701,(anonymous_36)
FNDA:142,(anonymous_37)
FNDA:22,(anonymous_38)
FNDA:0,(anonymous_39)
FNDA:7,(anonymous_40)
FNDA:2,(anonymous_41)
FNDA:1,(anonymous_42)
FNDA:32,(anonymous_43)
FNDA:3,(anonymous_44)
FNDA:6,(anonymous_45)
FNDA:2,(anonymous_46)
DA:4,1
DA:31,1
DA:32,28
DA:33,28
DA:35,28
DA:36,28
DA:41,28
DA:42,28
DA:43,28
DA:44,28
DA:55,28
DA:56,28
DA:57,28
DA:59,28
DA:69,28
DA:79,22
DA:80,1
DA:81,1
DA:84,21
DA:85,21
DA:86,21
DA:87,21
DA:89,21
DA:90,21
DA:92,21
DA:93,143
DA:96,21
DA:103,22
DA:104,1
DA:105,1
DA:108,21
DA:109,21
DA:111,21
DA:112,21
DA:113,21
DA:116,21
DA:117,21
DA:124,1
DA:125,0
DA:126,0
DA:129,1
DA:130,1
DA:134,1
DA:135,0
DA:136,0
DA:139,1
DA:140,1
DA:144,1
DA:145,1
DA:146,1
DA:147,1
DA:148,1
DA:152,21
DA:153,21
DA:155,21
DA:156,12
DA:161,12
DA:164,21
DA:168,143
DA:169,0
DA:172,143
DA:173,143
DA:175,143
DA:176,1
DA:177,1
DA:178,1
DA:181,142
DA:182,142
DA:183,142
DA:185,142
DA:186,142
DA:187,142
DA:188,142
DA:190,142
DA:191,142
DA:193,142
DA:194,0
DA:198,0
DA:199,0
DA:207,142
DA:208,142
DA:210,142
DA:211,85
DA:212,85
DA:213,0
DA:214,0
DA:217,85
DA:218,24
DA:219,24
DA:223,142
DA:227,24
DA:228,24
DA:229,14
DA:231,14
DA:232,14
DA:233,14
DA:234,14
DA:236,0
DA:240,24
DA:242,24
DA:244,24
DA:246,24
DA:247,24
DA:248,24
DA:250,24
DA:253,0
DA:260,14
DA:262,14
DA:263,9
DA:266,14
DA:268,14
DA:272,24
DA:273,24
DA:275,24
DA:276,24
DA:277,24
DA:282,24
DA:291,24
DA:295,14
DA:296,14
DA:298,14
DA:299,14
DA:300,14
DA:302,14
DA:306,14
DA:315,14
DA:319,24
DA:321,3
DA:322,3
DA:324,1
DA:325,1
DA:327,0
DA:328,0
DA:333,3
DA:334,54
DA:338,3
DA:339,1
DA:340,0
DA:343,1
DA:344,1
DA:345,1
DA:346,1
DA:352,1
DA:354,1
DA:355,0
DA:356,0
DA:357,0
DA:358,0
DA:360,1
DA:361,1
DA:366,0
DA:368,0
DA:369,0
DA:370,0
DA:371,0
DA:372,0
DA:377,142
DA:378,24
DA:380,24
DA:381,17
DA:382,17
DA:385,24
DA:390,142
DA:391,19
DA:393,19
DA:394,12
DA:397,19
DA:402,142
DA:403,18
DA:405,18
DA:406,11
DA:409,18
DA:414,0
DA:419,0
DA:423,48
DA:427,24
DA:429,24
DA:432,402
DA:435,290
DA:442,701
DA:446,142
DA:451,22
DA:461,0
DA:462,0
DA:464,0
DA:475,7
DA:479,2
DA:483,1
DA:484,1
DA:488,32
DA:492,3
DA:496,6
DA:500,2
LF:193
LH:163
BRDA:79,0,0,1
BRDA:103,1,0,1
BRDA:111,2,0,21
BRDA:124,3,0,0
BRDA:134,4,0,0
BRDA:168,5,0,0
BRDA:175,6,0,1
BRDA:193,7,0,0
BRDA:200,8,0,0
BRDA:200,8,1,0
BRDA:212,9,0,0
BRDA:217,10,0,24
BRDA:228,11,0,14
BRDA:228,12,0,24
BRDA:228,12,1,14
BRDA:231,13,0,14
BRDA:231,13,1,0
BRDA:254,14,0,0
BRDA:254,14,1,0
BRDA:262,15,0,9
BRDA:276,16,0,24
BRDA:291,17,0,24
BRDA:291,17,1,10
BRDA:315,18,0,14
BRDA:315,18,1,5
BRDA:319,19,0,3
BRDA:319,19,1,1
BRDA:319,19,2,0
BRDA:334,20,0,54
BRDA:334,20,1,9
BRDA:338,21,0,1
BRDA:340,22,0,0
BRDA:340,22,1,0
BRDA:344,23,0,1
BRDA:354,24,0,0
BRDA:354,24,1,1
BRDA:366,25,0,0
BRDA:366,25,1,0
BRDA:368,26,0,0
BRDA:377,27,0,24
BRDA:390,28,0,19
BRDA:402,29,0,18
BRDA:427,30,0,0
BRDA:500,31,0,1
BRDA:500,31,1,1
BRF:45
BRH:27
end_of_record
TN:
SF:src/tools/health-check.ts
FN:11,(anonymous_1)
FN:17,(anonymous_2)
FN:24,(anonymous_3)
FN:32,(anonymous_4)
FN:33,(anonymous_5)
FN:60,(anonymous_6)
FN:101,(anonymous_7)
FN:124,(anonymous_8)
FN:135,(anonymous_9)
FN:151,(anonymous_10)
FN:161,(anonymous_11)
FNF:11
FNH:10
FNDA:15,(anonymous_1)
FNDA:7,(anonymous_2)
FNDA:10,(anonymous_3)
FNDA:10,(anonymous_4)
FNDA:0,(anonymous_5)
FNDA:10,(anonymous_6)
FNDA:1,(anonymous_7)
FNDA:3,(anonymous_8)
FNDA:3,(anonymous_9)
FNDA:2,(anonymous_10)
FNDA:3,(anonymous_11)
DA:3,1
DA:5,1
DA:9,15
DA:12,15
DA:13,15
DA:14,15
DA:18,7
DA:19,6
DA:20,6
DA:25,10
DA:27,10
DA:28,10
DA:31,10
DA:32,10
DA:33,10
DA:36,10
DA:38,10
DA:39,10
DA:41,0
DA:43,0
DA:61,10
DA:75,10
DA:78,10
DA:79,4
DA:83,10
DA:84,0
DA:88,10
DA:89,10
DA:90,0
DA:93,10
DA:94,4
DA:95,4
DA:98,10
DA:102,1
DA:125,3
DA:130,3
DA:132,3
DA:136,3
DA:137,3
DA:139,3
DA:140,3
DA:141,3
DA:142,3
DA:143,3
DA:145,3
DA:146,1
DA:149,3
DA:150,2
DA:151,2
DA:152,2
DA:156,3
DA:158,3
DA:162,3
DA:163,3
DA:164,3
DA:165,3
DA:167,3
DA:168,0
DA:170,3
DA:171,0
DA:173,3
DA:174,0
DA:176,3
LF:63
LH:56
BRDA:11,0,0,1
BRDA:11,1,0,1
BRDA:18,2,0,6
BRDA:24,3,0,3
BRDA:25,4,0,4
BRDA:25,5,0,6
BRDA:55,6,0,0
BRDA:55,6,1,0
BRDA:71,7,0,9
BRDA:71,7,1,1
BRDA:78,8,0,4
BRDA:83,9,0,0
BRDA:89,10,0,0
BRDA:93,11,0,4
BRDA:126,12,0,1
BRDA:126,12,1,2
BRDA:127,13,0,0
BRDA:127,13,1,3
BRDA:136,14,0,1
BRDA:136,14,1,2
BRDA:145,15,0,1
BRDA:149,16,0,2
BRDA:149,17,0,3
BRDA:149,17,1,2
BRDA:167,18,0,0
BRDA:170,19,0,0
BRDA:173,20,0,0
BRF:27
BRH:19
end_of_record
TN:
SF:src/types/environment-types.ts
FN:1,(anonymous_0)
FN:10,(anonymous_1)
FN:18,(anonymous_2)
FNF:3
FNH:3
FNDA:2,(anonymous_0)
FNDA:2,(anonymous_1)
FNDA:2,(anonymous_2)
DA:1,2
DA:2,2
DA:3,2
DA:4,2
DA:5,2
DA:6,2
DA:7,2
DA:10,2
DA:11,2
DA:12,2
DA:13,2
DA:14,2
DA:15,2
DA:18,2
DA:19,2
DA:20,2
DA:21,2
DA:22,2
DA:23,2
DA:24,2
LF:20
LH:20
BRDA:1,0,0,2
BRDA:1,0,1,2
BRDA:10,1,0,2
BRDA:10,1,1,2
BRDA:18,2,0,2
BRDA:18,2,1,2
BRF:6
BRH:6
end_of_record
TN:
SF:src/types/monster-types.ts
FN:1,(anonymous_0)
FN:9,(anonymous_1)
FN:19,(anonymous_2)
FNF:3
FNH:3
FNDA:2,(anonymous_0)
FNDA:2,(anonymous_1)
FNDA:2,(anonymous_2)
DA:1,2
DA:2,2
DA:3,2
DA:4,2
DA:5,2
DA:6,2
DA:9,2
DA:10,2
DA:11,2
DA:12,2
DA:13,2
DA:14,2
DA:15,2
DA:16,2
DA:19,2
DA:20,2
DA:21,2
DA:22,2
LF:18
LH:18
BRDA:1,0,0,2
BRDA:1,0,1,2
BRDA:9,1,0,2
BRDA:9,1,1,2
BRDA:19,2,0,2
BRDA:19,2,1,2
BRF:6
BRH:6
end_of_record
TN:
SF:src/utils/logger.ts
FNF:0
FNH:0
DA:1,1
DA:2,1
DA:4,1
DA:6,1
DA:8,1
DA:22,1
DA:23,1
DA:31,1
LF:8
LH:8
BRDA:6,0,0,1
BRDA:6,0,1,0
BRDA:22,1,0,1
BRF:3
BRH:2
end_of_record
