TN:
SF:src/index.ts
FN:9,main
FN:33,(anonymous_1)
FN:38,(anonymous_2)
FNF:3
FNH:0
FNDA:0,main
FNDA:0,(anonymous_1)
FNDA:0,(anonymous_2)
DA:3,0
DA:4,0
DA:5,0
DA:7,0
DA:10,0
DA:12,0
DA:18,0
DA:20,0
DA:23,0
DA:25,0
DA:27,0
DA:28,0
DA:33,0
DA:34,0
DA:35,0
DA:38,0
DA:39,0
DA:40,0
DA:43,0
DA:44,0
LF:20
LH:0
BRDA:43,0,0,0
BRF:1
BRH:0
end_of_record
TN:
SF:src/tools/health-check.ts
FN:38,(anonymous_0)
FN:103,formatUptime
FN:120,formatBytes
FNF:3
FNH:3
FNDA:8,(anonymous_0)
FNDA:7,formatUptime
FNDA:6,formatBytes
DA:1,1
DA:2,1
DA:4,1
DA:7,1
DA:34,1
DA:39,8
DA:40,8
DA:43,8
DA:44,8
DA:46,1
DA:49,8
DA:58,8
DA:59,3
DA:61,3
DA:67,3
DA:74,8
DA:75,8
DA:78,0
DA:81,0
DA:82,0
DA:84,0
DA:87,0
DA:95,0
DA:104,7
DA:105,7
DA:106,7
DA:108,7
DA:109,0
DA:110,7
DA:111,0
DA:113,7
DA:121,6
DA:122,6
DA:124,6
DA:125,6
LF:35
LH:27
BRDA:40,0,0,8
BRDA:40,0,1,1
BRDA:58,1,0,3
BRDA:58,2,0,8
BRDA:58,2,1,1
BRDA:108,3,0,0
BRDA:108,3,1,7
BRDA:110,4,0,0
BRDA:110,4,1,7
BRDA:122,5,0,0
BRF:10
BRH:7
end_of_record
TN:
SF:src/utils/logging.ts
FN:6,(anonymous_1)
FNF:1
FNH:1
FNDA:1,(anonymous_1)
DA:1,1
DA:2,1
DA:4,1
DA:6,1
DA:7,1
DA:33,1
LF:6
LH:6
BRDA:8,0,0,1
BRDA:8,0,1,1
BRF:2
BRH:2
end_of_record
